Jan 25, 2021 12:51:43 AM NewLogHandler update
INFO: 
Student Registration System

Jan 25, 2021 12:51:43 AM NewLogHandler update
INFO: 1) List all students
Jan 25, 2021 12:51:43 AM NewLogHandler update
INFO: 2) List all courses
Jan 25, 2021 12:51:43 AM NewLogHandler update
INFO: 3) List students who registered for a course
Jan 25, 2021 12:51:43 AM NewLogHandler update
INFO: 4) List courses a student has registered for
Jan 25, 2021 12:51:43 AM NewLogHandler update
INFO: 5) List courses a student has completed
Jan 25, 2021 12:51:43 AM NewLogHandler update
INFO: 6) Register a student for a course
Jan 25, 2021 12:51:43 AM NewLogHandler update
INFO: x) Exit
Jan 25, 2021 12:51:43 AM NewLogHandler update
INFO: 
Enter your choice and press return >> 
Jan 25, 2021 12:51:45 AM NewLogHandler update
INFO: 

Jan 25, 2021 12:51:45 AM NewLogHandler update
INFO: G00123456 Carson Kit CS 1 CS112 CS211 CS332 CS421
G00123432 Smith John ECE 0 EE112 EE211 CS421 EE432
G45643133 Kenton Sam IT 3 IT112 IT211
G01234567 Boone Dan MBA 2 BB114 CS211 IT492 CS412
G90123456 Crockett Jack CS 2 CS112 CS211 CS332 CS42
G12998191 Wetzle Tom CS 3 CS112 CS211 CS332
G21231422 Lewis Meriweather SE 1 EN121 EE211 BB222 CS421 IT492
G89012345 Glass Hugh MBA 2 EN121 IT211
Jan 25, 2021 12:51:45 AM NewLogHandler update
INFO: 
Student Registration System

Jan 25, 2021 12:51:45 AM NewLogHandler update
INFO: 1) List all students
Jan 25, 2021 12:51:45 AM NewLogHandler update
INFO: 2) List all courses
Jan 25, 2021 12:51:45 AM NewLogHandler update
INFO: 3) List students who registered for a course
Jan 25, 2021 12:51:45 AM NewLogHandler update
INFO: 4) List courses a student has registered for
Jan 25, 2021 12:51:45 AM NewLogHandler update
INFO: 5) List courses a student has completed
Jan 25, 2021 12:51:45 AM NewLogHandler update
INFO: 6) Register a student for a course
Jan 25, 2021 12:51:45 AM NewLogHandler update
INFO: x) Exit
Jan 25, 2021 12:51:45 AM NewLogHandler update
INFO: 
Enter your choice and press return >> 
Jan 25, 2021 12:51:54 AM NewLogHandler update
INFO: 

Jan 25, 2021 12:51:54 AM NewLogHandler update
INFO: CS112 a M 1030 1200 Horton Introduction to Computer Programming
CS112 b W 1330 1400 Heyer Introduction to Computer Programming
CS112 c T 900 1230 Bealer Introduction to Computer Programming
CS211 a M 1100 1230 Kurtz Object-Oriented Programming
CS211 b T 930 1200 Worth Object-Oriented Programming
CS211 c F 1430 1600 Adams Object-Oriented Programming
CS421 a T 1100 1230 Schmidt Introduction to Software Engineering
CS421 b W 1100 1230 Stevens Introduction to Software Engineering
CS421 c F 1830 2000 Keys Introduction to Software Engineering
CS475 a M 900 1030 Delmar Concurrent and Distributed Software Systems
CS475 b T 900 1030 Faires Concurrent and Distributed Software Systems
CS475 c W 1830 2000 Weber Concurrent and Distributed Software Systems
SWE443 a T 430 700 Hughs Software Architecture
SWE443 b W 900 1030 Feiner Software Architecture
SWE443 c F 1200 1330 Morgan Software Architecture
Jan 25, 2021 12:51:54 AM NewLogHandler update
INFO: 
Student Registration System

Jan 25, 2021 12:51:54 AM NewLogHandler update
INFO: 1) List all students
Jan 25, 2021 12:51:54 AM NewLogHandler update
INFO: 2) List all courses
Jan 25, 2021 12:51:54 AM NewLogHandler update
INFO: 3) List students who registered for a course
Jan 25, 2021 12:51:54 AM NewLogHandler update
INFO: 4) List courses a student has registered for
Jan 25, 2021 12:51:54 AM NewLogHandler update
INFO: 5) List courses a student has completed
Jan 25, 2021 12:51:54 AM NewLogHandler update
INFO: 6) Register a student for a course
Jan 25, 2021 12:51:54 AM NewLogHandler update
INFO: x) Exit
Jan 25, 2021 12:51:54 AM NewLogHandler update
INFO: 
Enter your choice and press return >> 
Jan 25, 2021 12:52:01 AM NewLogHandler update
INFO: 
Enter student ID and press return >> 
Jan 25, 2021 12:52:11 AM NewLogHandler update
INFO: 
Enter course ID and press return >> 
Jan 25, 2021 12:52:19 AM NewLogHandler update
INFO: 
Enter course section and press return >> 
Jan 25, 2021 12:52:24 AM NewLogHandler update
INFO: 

Jan 25, 2021 12:52:24 AM NewLogHandler update
INFO: 3 G00123456 SWE443 c
Jan 25, 2021 12:52:24 AM NewLogHandler update
INFO: 
Student Registration System

Jan 25, 2021 12:52:24 AM NewLogHandler update
INFO: 1) List all students
Jan 25, 2021 12:52:24 AM NewLogHandler update
INFO: 2) List all courses
Jan 25, 2021 12:52:24 AM NewLogHandler update
INFO: 3) List students who registered for a course
Jan 25, 2021 12:52:24 AM NewLogHandler update
INFO: 4) List courses a student has registered for
Jan 25, 2021 12:52:24 AM NewLogHandler update
INFO: 5) List courses a student has completed
Jan 25, 2021 12:52:24 AM NewLogHandler update
INFO: 6) Register a student for a course
Jan 25, 2021 12:52:24 AM NewLogHandler update
INFO: x) Exit
Jan 25, 2021 12:52:24 AM NewLogHandler update
INFO: 
Enter your choice and press return >> 
Jan 25, 2021 12:52:34 AM NewLogHandler update
INFO: 
Enter course ID and press return >> 
Jan 25, 2021 12:52:41 AM NewLogHandler update
INFO: 
Enter course section and press return >> 
Jan 25, 2021 12:52:42 AM NewLogHandler update
INFO: 

Jan 25, 2021 12:52:42 AM NewLogHandler update
INFO: 
Jan 25, 2021 12:52:42 AM NewLogHandler update
INFO: 
Student Registration System

Jan 25, 2021 12:52:42 AM NewLogHandler update
INFO: 1) List all students
Jan 25, 2021 12:52:42 AM NewLogHandler update
INFO: 2) List all courses
Jan 25, 2021 12:52:42 AM NewLogHandler update
INFO: 3) List students who registered for a course
Jan 25, 2021 12:52:42 AM NewLogHandler update
INFO: 4) List courses a student has registered for
Jan 25, 2021 12:52:42 AM NewLogHandler update
INFO: 5) List courses a student has completed
Jan 25, 2021 12:52:42 AM NewLogHandler update
INFO: 6) Register a student for a course
Jan 25, 2021 12:52:42 AM NewLogHandler update
INFO: x) Exit
Jan 25, 2021 12:52:42 AM NewLogHandler update
INFO: 
Enter your choice and press return >> 
